<?xml version="1.0" encoding="UTF-8"?>
<testng-results ignored="0" total="1" passed="1" failed="0" skipped="0">
  <reporter-output>
  </reporter-output>
  <suite started-at="2022-04-25T21:45:14 EDT" name="Default suite" finished-at="2022-04-25T21:45:23 EDT" duration-ms="8279">
    <groups>
    </groups>
    <test started-at="2022-04-25T21:45:14 EDT" name="Default test" finished-at="2022-04-25T21:45:23 EDT" duration-ms="8279">
      <class name="Tests.FirstTest">
        <test-method signature="home()[pri:0, instance:Tests.FirstTest@441772e]" started-at="2022-04-25T21:45:14 EDT" name="home" finished-at="2022-04-25T21:45:23 EDT" duration-ms="8245" status="PASS">
          <reporter-output>
          </reporter-output>
        </test-method> <!-- home -->
      </class> <!-- Tests.FirstTest -->
    </test> <!-- Default test -->
  </suite> <!-- Default suite -->
</testng-results>
