<?xml version="1.0" encoding="UTF-8"?>
<!-- Generated by org.testng.reporters.JUnitXMLReporter -->
<testsuite ignored="0" hostname="LAPTOP-R5NV1QLO" failures="1" tests="2" name="Test" time="5.181" errors="0" timestamp="2022-04-25T21:06:47 EDT">
  <testcase classname="Tests.FirstTest" name="home" time="0.221">
    <failure type="java.lang.NullPointerException" message="Cannot invoke &amp;quot;org.openqa.selenium.WebDriver.findElement(org.openqa.selenium.By)&amp;quot; because &amp;quot;this.driver&amp;quot; is null">
      <![CDATA[java.lang.NullPointerException: Cannot invoke "org.openqa.selenium.WebDriver.findElement(org.openqa.selenium.By)" because "this.driver" is null
at Pageobjects.Homepage.acceptcookies(Homepage.java:25)
at Tests.FirstTest.home(FirstTest.java:23)
at java.base/java.util.ArrayList.forEach(ArrayList.java:1510)
... Removed 27 stack frames]]>
    </failure>
  </testcase> <!-- home -->
  <testcase classname="Tests.FirstTest" name="rome" time="4.92"/>
</testsuite> <!-- Test -->
